Determining if the pthread_create exist failed with the following output:
Change Dir: /home/bobac2/bobac2_secondary_development/build/CMakeFiles/CMakeTmp

Run Build Command:"/usr/bin/make" "cmTC_6907e/fast"
/usr/bin/make -f CMakeFiles/cmTC_6907e.dir/build.make CMakeFiles/cmTC_6907e.dir/build
make[1]: Entering directory '/home/bobac2/bobac2_secondary_development/build/CMakeFiles/CMakeTmp'
Building C object CMakeFiles/cmTC_6907e.dir/CheckSymbolExists.c.o
/usr/bin/cc     -o CMakeFiles/cmTC_6907e.dir/CheckSymbolExists.c.o   -c /home/bobac2/bobac2_secondary_development/build/CMakeFiles/CMakeTmp/CheckSymbolExists.c
Linking C executable cmTC_6907e
/usr/bin/cmake -E cmake_link_script CMakeFiles/cmTC_6907e.dir/link.txt --verbose=1
/usr/bin/cc       CMakeFiles/cmTC_6907e.dir/CheckSymbolExists.c.o  -o cmTC_6907e -rdynamic 
CMakeFiles/cmTC_6907e.dir/CheckSymbolExists.c.o: In function `main':
CheckSymbolExists.c:(.text+0x16): undefined reference to `pthread_create'
collect2: error: ld returned 1 exit status
CMakeFiles/cmTC_6907e.dir/build.make:97: recipe for target 'cmTC_6907e' failed
make[1]: *** [cmTC_6907e] Error 1
make[1]: Leaving directory '/home/bobac2/bobac2_secondary_development/build/CMakeFiles/CMakeTmp'
Makefile:126: recipe for target 'cmTC_6907e/fast' failed
make: *** [cmTC_6907e/fast] Error 2

File /home/bobac2/bobac2_secondary_development/build/CMakeFiles/CMakeTmp/CheckSymbolExists.c:
/* */
#include <pthread.h>

int main(int argc, char** argv)
{
  (void)argv;
#ifndef pthread_create
  return ((int*)(&pthread_create))[argc];
#else
  (void)argc;
  return 0;
#endif
}

Determining if the function pthread_create exists in the pthreads failed with the following output:
Change Dir: /home/bobac2/bobac2_secondary_development/build/CMakeFiles/CMakeTmp

Run Build Command:"/usr/bin/make" "cmTC_3d86f/fast"
/usr/bin/make -f CMakeFiles/cmTC_3d86f.dir/build.make CMakeFiles/cmTC_3d86f.dir/build
make[1]: Entering directory '/home/bobac2/bobac2_secondary_development/build/CMakeFiles/CMakeTmp'
Building C object CMakeFiles/cmTC_3d86f.dir/CheckFunctionExists.c.o
/usr/bin/cc    -DCHECK_FUNCTION_EXISTS=pthread_create   -o CMakeFiles/cmTC_3d86f.dir/CheckFunctionExists.c.o   -c /usr/share/cmake-3.5/Modules/CheckFunctionExists.c
Linking C executable cmTC_3d86f
/usr/bin/cmake -E cmake_link_script CMakeFiles/cmTC_3d86f.dir/link.txt --verbose=1
/usr/bin/cc   -DCHECK_FUNCTION_EXISTS=pthread_create    CMakeFiles/cmTC_3d86f.dir/CheckFunctionExists.c.o  -o cmTC_3d86f -rdynamic -lpthreads 
/usr/bin/ld: cannot find -lpthreads
collect2: error: ld returned 1 exit status
CMakeFiles/cmTC_3d86f.dir/build.make:97: recipe for target 'cmTC_3d86f' failed
make[1]: *** [cmTC_3d86f] Error 1
make[1]: Leaving directory '/home/bobac2/bobac2_secondary_development/build/CMakeFiles/CMakeTmp'
Makefile:126: recipe for target 'cmTC_3d86f/fast' failed
make: *** [cmTC_3d86f/fast] Error 2


